info  - Linting and checking validity of types...
info  - Creating an optimized production build...
Browserslist: caniuse-lite is outdated. Please run:
  npx browserslist@latest --update-db
  Why you should do it regularly: https://github.com/browserslist/browserslist#browsers-data-updating
info  - Compiled successfully
info  - Collecting page data...
info  - Generating static pages (0/4540)
Warning: data for page "/" is 699 kB which exceeds the threshold of 128 kB, this amount of data can reduce performance.
See more info here: https://nextjs.org/docs/messages/large-page-data
Warning: data for page "/zh" is 699 kB which exceeds the threshold of 128 kB, this amount of data can reduce performance.
See more info here: https://nextjs.org/docs/messages/large-page-data
info  - Generating static pages (550/4540)
info  - Generating static pages (1109/4540)
info  - Generating static pages (1135/4540)
info  - Generating static pages (1667/4540)
info  - Generating static pages (2132/4540)
info  - Generating static pages (2270/4540)
info  - Generating static pages (2724/4540)
info  - Generating static pages (3182/4540)
info  - Generating static pages (3405/4540)
info  - Generating static pages (3864/4540)
info  - Generating static pages (4317/4540)
warn  - Restarted static page generation for /chain/irishub because it took more than 60 seconds
warn  - See more info here https://nextjs.org/docs/messages/static-page-generation-timeout
warn  - Restarted static page generation for /chain/18122 because it took more than 60 seconds
warn  - Restarted static page generation for /chain/quarkchain devnet shard 5 because it took more than 60 seconds
info  - Generating static pages (4538/4540)
info  - Generating static pages (4540/4540)
info  - Finalizing page optimization...

Route (pages)                                           Size     First Load JS
┌ ● / (ISR: 3600 Seconds) (1678 ms)                     14.7 kB         178 kB
├   /_app                                               0 B            81.9 kB
├ ○ /404                                                181 B          82.1 kB
├ λ /api/chain/[chain]                                  0 B            81.9 kB
├ ● /chain/[chain] (ISR: 3600 Seconds) (2072447 ms)     1.03 kB         164 kB
├   ├ /chain/siriusnet v2 (4658 ms)
├   ├ /chain/1402 (3692 ms)
├   ├ /chain/permission (3689 ms)
├   ├ /chain/bronos mainnet (3660 ms)
├   ├ /chain/blockchain station testnet (3657 ms)
├   ├ /chain/omchain mainnet (3471 ms)
├   ├ /chain/eos evm legacy (3446 ms)
├   └ [+2261 more paths] (avg 905 ms)
├ ● /zh (ISR: 3600 Seconds) (1851 ms)                   1.04 kB         164 kB
└ ● /zh/chain/[chain] (ISR: 3600 Seconds) (1795858 ms)  1.01 kB         164 kB
    ├ /zh/chain/592 (2505 ms)
    ├ /zh/chain/68840142 (2081 ms)
    ├ /zh/chain/metal tahoe c-chain (2016 ms)
    ├ /zh/chain/dogcoin testnet (1874 ms)
    ├ /zh/chain/ecoball mainnet (1799 ms)
    ├ /zh/chain/381932 (1612 ms)
    ├ /zh/chain/autobahn network (1550 ms)
    └ [+2261 more paths] (avg 788 ms)
+ First Load JS shared by all                           85.3 kB
  ├ chunks/framework-3b5a00d5d7e8d93b.js                45.4 kB
  ├ chunks/main-f2e125da23ccdc4a.js                     26.7 kB
  ├ chunks/pages/_app-9c2bff7878cfbbf6.js               8.77 kB
  ├ chunks/webpack-6ef43a8d4a395f49.js                  999 B
  └ css/efd88dddf7aa5040.css                            3.43 kB

λ  (Server)  server-side renders at runtime (uses getInitialProps or getServerSideProps)
○  (Static)  automatically rendered as static HTML (uses no initial props)
●  (SSG)     automatically generated as static HTML + JSON (uses getStaticProps)
   (ISR)     incremental static regeneration (uses revalidate in getStaticProps)

